build/app/intermediates/manifest_merge_blame_file/release/manifest-merger-blame-release-report.txt
1<?xml version="1.0" encoding="utf-8"?>
2<manifest xmlns:android="http://schemas.android.com/apk/res/android"
3    package="com.example.soccersphere"
4    android:versionCode="1"
5    android:versionName="1.0.0" >
6
7    <uses-sdk
8        android:minSdkVersion="21"
8-->src/main/AndroidManifest.xml
9        android:targetSdkVersion="33" />
9-->src/main/AndroidManifest.xml
10    <!-- Required to fetch data from the internet. -->
11    <uses-permission android:name="android.permission.INTERNET" />
11-->src/main/AndroidManifest.xml:3:5-67
11-->src/main/AndroidManifest.xml:3:22-64
12    <uses-permission android:name="android.permission.SEND_SMS" />
12-->src/main/AndroidManifest.xml:4:1-62
12-->src/main/AndroidManifest.xml:4:18-60
13
14    <queries>
14-->src/main/AndroidManifest.xml:5:5-10:15
15        <intent>
15-->src/main/AndroidManifest.xml:6:5-9:14
16            <action android:name="android.intent.action.SENDTO" />
16-->src/main/AndroidManifest.xml:7:5-59
16-->src/main/AndroidManifest.xml:7:13-56
17
18            <data android:scheme="smsto" />
18-->src/main/AndroidManifest.xml:8:5-36
18-->src/main/AndroidManifest.xml:8:11-33
19        </intent>
20    </queries>
21    <!--
22         Required to query activities that can process text, see:
23         https://developer.android.com/training/package-visibility?hl=en and
24         https://developer.android.com/reference/android/content/Intent#ACTION_PROCESS_TEXT.
25
26         In particular, this is used by the Flutter engine in io.flutter.plugin.text.ProcessTextPlugin.
27    -->
28    <queries>
28-->src/main/AndroidManifest.xml:5:5-10:15
29        <intent>
29-->src/main/AndroidManifest.xml:49:9-52:18
30            <action android:name="android.intent.action.PROCESS_TEXT" />
30-->src/main/AndroidManifest.xml:50:13-72
30-->src/main/AndroidManifest.xml:50:21-70
31
32            <data android:mimeType="text/plain" />
32-->src/main/AndroidManifest.xml:8:5-36
32-->src/main/AndroidManifest.xml:51:19-48
33        </intent>
34    </queries>
35
36    <uses-permission android:name="android.permission.ACCESS_NETWORK_STATE" />
36-->[com.google.android.exoplayer:exoplayer-core:2.18.7] AndroidManifest.xml:24:5-79
36-->[com.google.android.exoplayer:exoplayer-core:2.18.7] AndroidManifest.xml:24:22-76
37
38    <application
39        android:name="android.app.Application"
39-->src/main/AndroidManifest.xml:14:9-42
40        android:appComponentFactory="androidx.core.app.CoreComponentFactory"
40-->[androidx.core:core:1.7.0] AndroidManifest.xml:24:18-86
41        android:icon="@mipmap/ic_launcher"
41-->src/main/AndroidManifest.xml:15:9-43
42        android:label="soccersphere" >
42-->src/main/AndroidManifest.xml:13:9-37
43        <activity
43-->src/main/AndroidManifest.xml:16:9-36:20
44            android:name="com.example.soccersphere.MainActivity"
44-->src/main/AndroidManifest.xml:17:13-41
45            android:configChanges="orientation|keyboardHidden|keyboard|screenSize|smallestScreenSize|locale|layoutDirection|fontScale|screenLayout|density|uiMode"
45-->src/main/AndroidManifest.xml:21:13-163
46            android:exported="true"
46-->src/main/AndroidManifest.xml:18:13-36
47            android:hardwareAccelerated="true"
47-->src/main/AndroidManifest.xml:22:13-47
48            android:launchMode="singleTop"
48-->src/main/AndroidManifest.xml:19:13-43
49            android:theme="@style/LaunchTheme"
49-->src/main/AndroidManifest.xml:20:13-47
50            android:windowSoftInputMode="adjustResize" >
50-->src/main/AndroidManifest.xml:23:13-55
51
52            <!--
53                 Specifies an Android theme to apply to this Activity as soon as
54                 the Android process has started. This theme is visible to the user
55                 while the Flutter UI initializes. After that, this theme continues
56                 to determine the Window background behind the Flutter UI.
57            -->
58            <meta-data
58-->src/main/AndroidManifest.xml:28:13-31:17
59                android:name="io.flutter.embedding.android.NormalTheme"
59-->src/main/AndroidManifest.xml:29:15-70
60                android:resource="@style/NormalTheme" />
60-->src/main/AndroidManifest.xml:30:15-52
61
62            <intent-filter>
62-->src/main/AndroidManifest.xml:32:13-35:29
63                <action android:name="android.intent.action.MAIN" />
63-->src/main/AndroidManifest.xml:33:17-68
63-->src/main/AndroidManifest.xml:33:25-66
64
65                <category android:name="android.intent.category.LAUNCHER" />
65-->src/main/AndroidManifest.xml:34:17-76
65-->src/main/AndroidManifest.xml:34:27-74
66            </intent-filter>
67        </activity>
68        <!--
69             Don't delete the meta-data below.
70             This is used by the Flutter tool to generate GeneratedPluginRegistrant.java
71        -->
72        <meta-data
72-->src/main/AndroidManifest.xml:39:9-41:33
73            android:name="flutterEmbedding"
73-->src/main/AndroidManifest.xml:40:13-44
74            android:value="2" />
74-->src/main/AndroidManifest.xml:41:13-30
75
76        <uses-library
76-->[androidx.window:window:1.0.0-beta04] AndroidManifest.xml:25:9-27:40
77            android:name="androidx.window.extensions"
77-->[androidx.window:window:1.0.0-beta04] AndroidManifest.xml:26:13-54
78            android:required="false" />
78-->[androidx.window:window:1.0.0-beta04] AndroidManifest.xml:27:13-37
79        <uses-library
79-->[androidx.window:window:1.0.0-beta04] AndroidManifest.xml:28:9-30:40
80            android:name="androidx.window.sidecar"
80-->[androidx.window:window:1.0.0-beta04] AndroidManifest.xml:29:13-51
81            android:required="false" />
81-->[androidx.window:window:1.0.0-beta04] AndroidManifest.xml:30:13-37
82    </application>
83
84</manifest>